<?xml version="1.0" encoding="UTF-8"?>
<!-- Generated by org.testng.reporters.JUnitXMLReporter -->
<testsuite hostname="TLPPCA31" name="Test" tests="4" failures="0" timestamp="23 Nov 2016 09:39:35 GMT" time="43.971" errors="0">
  <testcase name="verifyProductDeatilsPage" time="3.892" classname="Assign.Amazon_Testing.TestExecution"/>
  <testcase name="verifyAddtocart" time="8.316" classname="Assign.Amazon_Testing.TestExecution"/>
  <testcase name="verifyRegistration" time="5.191" classname="Assign.Amazon_Testing.TestExecution"/>
  <testcase name="verifyDeliveryPage" time="3.187" classname="Assign.Amazon_Testing.TestExecution"/>
</testsuite> <!-- Test -->
